2018-04-24 15:52:34.337 - pyansibleinv -        dbbackup_mysql_disable -  INFO - args:{'--cluster_id': None,
 '--data_host': 'dcs-db-c00aee9f.iad1:10.41.234.57',
 '--day': '*',
 '--day_of_week': '*',
 '--dbfqdn': 'dcs-db-c00aee9f.iad1',
 '--dbtype': 'mysql',
 '--hour': '23',
 '--isets': '2',
 '--minute': '2',
 '--month': '*',
 '--rsets': '3',
 '--ssh_try_limit': '600',
 '--sshkey': '/opt/ansible/db.pem',
 '--sshpass': 'LR1!Ika',
 '--taskid': None,
 '--template_only': False,
 '--workdir': '/opt/ansible',
 'dbbackup': True,
 'debug': False,
 'disable': True,
 'enable': False,
 'list': False,
 'status': False}
2018-04-24 15:52:34.337 - pyansibleinv -        dbbackup_mysql_disable -  INFO - dict:{'template_only': False, 'rsets': '3', 'month': '*', 'cluster_id': None, 'data_host': 'dcs-db-c00aee9f.iad1:10.41.234.57', 'sshkey': '/opt/ansible/db.pem', 'atus': False, 'dbtype': 'mysql', 'able': False, 'day': '*', 'taskid': None, 'dbfqdn': 'dcs-db-c00aee9f.iad1', 'workdir': '/opt/ansible', 'sable': True, 'sshpass': 'LR1!Ika', 'bug': False, 'minute': '2', 'uuid': '622b3867-bc59-488a-9d3b-30646054c6fa', 'ssh_try_limit': '600', 'task_id': '  external_task_id: 622b3867-bc59-488a-9d3b-30646054c6fa\n', 'hour': '23', 'day_of_week': '*', 'st': False, 'backup': True, 'isets': '2'}
2018-04-24 15:52:34.337 - pyansibleinv -        dbbackup_mysql_disable -  INFO - create ansible hosts: /opt/ansible/inventory/622b3867-bc59-488a-9d3b-30646054c6fa/hosts
2018-04-24 15:52:34.337 - pyansibleinv -        dbbackup_mysql_disable -  INFO - craete ansible playbooks: /opt/ansible/dbbackup_mysql_disable_622b3867-bc59-488a-9d3b-30646054c6fa.yml
2018-04-24 15:52:34.339 - pyansibleinv -        dbbackup_mysql_disable -  INFO - check ssh availability
2018-04-24 15:52:34.340 - pyansibleinv - dbbackup_mysql_disable_stdout -  INFO - Attempting to connect to 10.41.234.57 on port 22
2018-04-24 15:52:34.409 - pyansibleinv - dbbackup_mysql_disable_stdout -  INFO - Connected to 10.41.234.57 on port 22
2018-04-24 15:52:34.410 - pyansibleinv - dbbackup_mysql_disable_stdout -  INFO - Attempting to connect to 10.41.234.57 on port 22
2018-04-24 15:52:34.478 - pyansibleinv - dbbackup_mysql_disable_stdout -  INFO - Connected to 10.41.234.57 on port 22
2018-04-24 15:52:34.478 - pyansibleinv -        dbbackup_mysql_disable -  INFO - run ansible from python
2018-04-24 15:52:35.108 - pyansibleinv - dbbackup_mysql_disable_stdout -  INFO - 
2018-04-24 15:52:35.108 - pyansibleinv - dbbackup_mysql_disable_stdout -  INFO - PLAY [crontab] ***************************************************************************************************************************************************************************************************************************************************************
2018-04-24 15:52:35.855 - pyansibleinv - dbbackup_mysql_disable_stdout -  INFO - 
2018-04-24 15:52:35.855 - pyansibleinv - dbbackup_mysql_disable_stdout -  INFO - TASK [set crontab] ***********************************************************************************************************************************************************************************************************************************************************
2018-04-24 15:52:38.586 - pyansibleinv - dbbackup_mysql_disable_stdout -  INFO - [0;32mok: [dcs-db-c00aee9f.iad1][0m
2018-04-24 15:52:39.299 - pyansibleinv - dbbackup_mysql_disable_stdout -  INFO - 
2018-04-24 15:52:39.299 - pyansibleinv - dbbackup_mysql_disable_stdout -  INFO - TASK [query crontab] *********************************************************************************************************************************************************************************************************************************************************
2018-04-24 15:52:41.270 - pyansibleinv - dbbackup_mysql_disable_stdout -  INFO - [0;32mok: [dcs-db-c00aee9f.iad1][0m
2018-04-24 15:52:41.984 - pyansibleinv - dbbackup_mysql_disable_stdout -  INFO - 
2018-04-24 15:52:41.984 - pyansibleinv - dbbackup_mysql_disable_stdout -  INFO - TASK [Record crontab result] *************************************************************************************************************************************************************************************************************************************************
2018-04-24 15:52:42.098 - pyansibleinv - dbbackup_mysql_disable_stdout -  INFO - [0;32mok: [dcs-db-c00aee9f.iad1][0m
2018-04-24 15:52:42.122 - pyansibleinv - dbbackup_mysql_disable_stdout -  INFO - 
2018-04-24 15:52:42.122 - pyansibleinv - dbbackup_mysql_disable_stdout -  INFO - PLAY RECAP *******************************************************************************************************************************************************************************************************************************************************************
2018-04-24 15:52:42.123 - pyansibleinv - dbbackup_mysql_disable_stdout -  INFO - [0;32mdcs-db-c00aee9f.iad1[0m       : [0;32mok=3   [0m changed=0    unreachable=0    failed=0
2018-04-24 15:52:42.155 - pyansibleinv - dbbackup_mysql_disable_stdout -  INFO - --- Total Excution time: 0:00:07.819308 ---
2018-04-24 15:52:42.200 - pyansibleinv - dbbackup_mysql_disable_stderr - ERROR - {"dcs-db-c00aee9f.iad1": {"job_context": "", "job_exists": false}}
